[00:52:58] [Server thread/INFO]: ---- Showing Help For: Geyser (Page 1/1) ----[0m
[00:52:58] [Server thread/INFO]: [33;1m/geyser connectiontest[37;1m: Tests whether your server is reachable for other players[0m
[00:52:58] [Server thread/INFO]: [33;1m/geyser dump[37;1m: Dumps Geyser debug information for bug reports.[0m
[00:52:58] [Server thread/INFO]: [33;1m/geyser help[37;1m: Shows help for all registered commands.[0m
[00:52:58] [Server thread/INFO]: [33;1m/geyser list[37;1m: List all players connected through Geyser.[0m
[00:52:58] [Server thread/INFO]: [33;1m/geyser reload[37;1m: Reloads the Geyser configurations. Kicks all players when used![0m
[00:52:58] [Server thread/INFO]: [33;1m/geyser version[37;1m: Shows the current Geyser version and checks for updates.[0m
[00:53:01] [Server thread/INFO]: This server is running Geyser version 2.4.2-b654 (git-master-2274377) (Java: 1.21, Bedrock: 1.20.80/1.20.81 - 1.21.20/1.21.21)[0m
[00:53:01] [Server thread/INFO]: Checking version, please wait...[0m
[00:53:01] [Server thread/INFO]: You are 14 versions behind; download the latest build from https://geysermc.org/download[0m
[00:53:19] [Server thread/INFO]: Unknown or incomplete command, see below for error
[00:53:19] [Server thread/INFO]: ...ectiontest<--[HERE]
[00:53:27] [Server thread/INFO]: Unknown or incomplete command, see below for error
[00:53:27] [Server thread/INFO]: ...ectiontest<--[HERE]
[00:53:53] [ForkJoinPool.commonPool-worker-19/INFO]: Testing server connection to 1 with port: 19132 now. Please wait...[0m
[00:53:59] [ForkJoinPool.commonPool-worker-19/INFO]: Your server is likely unreachable from outside the network![0m
[00:53:59] [ForkJoinPool.commonPool-worker-19/INFO]: Got the error message: Connection timed out[0m
[00:53:59] [ForkJoinPool.commonPool-worker-19/INFO]: If you still face issues, check the setup guide for instructions: https://wiki.geysermc.org/geyser/setup/[0m
[00:53:59] [ForkJoinPool.commonPool-worker-19/INFO]: If that does not work, see https://wiki.geysermc.org/geyser/fixing-unable-to-connect-to-world/, or contact us on Discord: https://discord.gg/geysermc[0m
[00:54:35] [ForkJoinPool.commonPool-worker-19/INFO]: Testing server connection to 2 with port: 19132 now. Please wait...[0m
[00:54:41] [ForkJoinPool.commonPool-worker-19/INFO]: Your server is likely unreachable from outside the network![0m
[00:54:41] [ForkJoinPool.commonPool-worker-19/INFO]: Got the error message: Connection timed out[0m
[00:54:41] [ForkJoinPool.commonPool-worker-19/INFO]: If you still face issues, check the setup guide for instructions: https://wiki.geysermc.org/geyser/setup/[0m
[00:54:41] [ForkJoinPool.commonPool-worker-19/INFO]: If that does not work, see https://wiki.geysermc.org/geyser/fixing-unable-to-connect-to-world/, or contact us on Discord: https://discord.gg/geysermc[0m
[00:54:47] [Server thread/INFO]: Unknown or incomplete command, see below for error
[00:54:47] [Server thread/INFO]: stp[<--[HERE]
[00:54:48] [Server thread/INFO]: Stopping the server
[00:54:48] [Server thread/INFO]: Shutting down Geyser.
[00:54:49] [Server thread/INFO]: Geyser shutdown successfully.
[00:54:49] [WebSocketConnectReadThread-1586/INFO]: The skin uploader has been closed
[00:54:51] [Server thread/INFO]: Stopping server
[00:54:51] [Server thread/INFO]: Saving players
[00:54:51] [Server thread/INFO]: Saving worlds
[00:54:51] [Server thread/INFO]: ServerLevel[world]/minecraft:overworld: waiting for 955 chunks to unload
[00:54:51] [Server thread/INFO]: Saving chunks for level 'ServerLevel[world]'/minecraft:overworld
[00:54:51] [Server thread/INFO]: Saving chunks for level 'ServerLevel[world]'/minecraft:the_end
[00:54:51] [Server thread/INFO]: Saving chunks for level 'ServerLevel[world]'/minecraft:the_nether
[00:54:51] [Server thread/INFO]: ThreadedAnvilChunkStorage (world): All chunks are saved
[00:54:51] [Server thread/INFO]: ThreadedAnvilChunkStorage (DIM1): All chunks are saved
[00:54:51] [Server thread/INFO]: ThreadedAnvilChunkStorage (DIM-1): All chunks are saved
[00:54:51] [Server thread/INFO]: ThreadedAnvilChunkStorage: All dimensions are saved
[00:54:51] [C2ME Storage #3/INFO]: Storage thread Thread[#55,C2ME Storage #3,5,main] stopped
[00:54:51] [C2ME Storage #2/INFO]: Storage thread Thread[#54,C2ME Storage #2,5,main] stopped
[00:54:51] [C2ME Storage #1/INFO]: Storage thread Thread[#52,C2ME Storage #1,5,main] stopped
[00:54:51] [C2ME Storage #6/INFO]: Storage thread Thread[#60,C2ME Storage #6,5,main] stopped
[00:54:51] [C2ME Storage #5/INFO]: Storage thread Thread[#59,C2ME Storage #5,5,main] stopped
[00:54:51] [C2ME Storage #4/INFO]: Storage thread Thread[#58,C2ME Storage #4,5,main] stopped
[00:54:51] [C2ME Storage #9/INFO]: Storage thread Thread[#65,C2ME Storage #9,5,main] stopped
[00:54:51] [C2ME Storage #8/INFO]: Storage thread Thread[#63,C2ME Storage #8,5,main] stopped
[00:54:51] [C2ME Storage #7/INFO]: Storage thread Thread[#62,C2ME Storage #7,5,main] stopped
[00:54:51] [Server thread/INFO]: [EasyAuth]: Shutting down EasyAuth.
[00:54:51] [Server thread/INFO]: [EasyAuth]: Database connection closed successfully
